[0.610s] Invoking command in '/home/softdcar/3760FA/UGV/UGVController/build/ugv_client': PYTHONPATH=/home/softdcar/3760FA/UGV/UGVController/build/ugv_client/prefix_override:/usr/lib/python3/dist-packages/colcon_core/task/python/colcon_distutils_commands:/home/softdcar/3760FA/UGV/UGVController/install/ugv_client/lib/python3.10/site-packages:${PYTHONPATH} /usr/bin/python3 -W ignore:setup.py install is deprecated -W ignore:easy_install command is deprecated setup.py develop --uninstall --editable --build-directory /home/softdcar/3760FA/UGV/UGVController/build/ugv_client/build
[0.828s] running develop
[0.980s] Removing /home/softdcar/3760FA/UGV/UGVController/install/ugv_client/lib/python3.10/site-packages/ugv-client.egg-link (link to .)
[1.025s] Invoked command in '/home/softdcar/3760FA/UGV/UGVController/build/ugv_client' returned '0': PYTHONPATH=/home/softdcar/3760FA/UGV/UGVController/build/ugv_client/prefix_override:/usr/lib/python3/dist-packages/colcon_core/task/python/colcon_distutils_commands:/home/softdcar/3760FA/UGV/UGVController/install/ugv_client/lib/python3.10/site-packages:${PYTHONPATH} /usr/bin/python3 -W ignore:setup.py install is deprecated -W ignore:easy_install command is deprecated setup.py develop --uninstall --editable --build-directory /home/softdcar/3760FA/UGV/UGVController/build/ugv_client/build
[1.026s] Invoking command in '/home/softdcar/3760FA/UGV/UGVController/src/ugv_client': PYTHONPATH=/home/softdcar/3760FA/UGV/UGVController/build/ugv_client/prefix_override:/usr/lib/python3/dist-packages/colcon_core/task/python/colcon_distutils_commands:/home/softdcar/3760FA/UGV/UGVController/install/ugv_client/lib/python3.10/site-packages:${PYTHONPATH} /usr/bin/python3 -W ignore:setup.py install is deprecated -W ignore:easy_install command is deprecated setup.py egg_info --egg-base ../../build/ugv_client build --build-base /home/softdcar/3760FA/UGV/UGVController/build/ugv_client/build install --record /home/softdcar/3760FA/UGV/UGVController/build/ugv_client/install.log --single-version-externally-managed install_data --force
[1.223s] running egg_info
[1.223s] writing ../../build/ugv_client/ugv_client.egg-info/PKG-INFO
[1.223s] writing dependency_links to ../../build/ugv_client/ugv_client.egg-info/dependency_links.txt
[1.223s] writing entry points to ../../build/ugv_client/ugv_client.egg-info/entry_points.txt
[1.224s] writing requirements to ../../build/ugv_client/ugv_client.egg-info/requires.txt
[1.224s] writing top-level names to ../../build/ugv_client/ugv_client.egg-info/top_level.txt
[1.225s] reading manifest file '../../build/ugv_client/ugv_client.egg-info/SOURCES.txt'
[1.226s] writing manifest file '../../build/ugv_client/ugv_client.egg-info/SOURCES.txt'
[1.226s] running build
[1.226s] running build_py
[1.226s] copying ugv_client/client.py -> /home/softdcar/3760FA/UGV/UGVController/build/ugv_client/build/lib/ugv_client
[1.227s] running install
[1.227s] running install_lib
[1.227s] creating /home/softdcar/3760FA/UGV/UGVController/install/ugv_client/lib/python3.10/site-packages/ugv_client
[1.227s] copying /home/softdcar/3760FA/UGV/UGVController/build/ugv_client/build/lib/ugv_client/client.py -> /home/softdcar/3760FA/UGV/UGVController/install/ugv_client/lib/python3.10/site-packages/ugv_client
[1.227s] copying /home/softdcar/3760FA/UGV/UGVController/build/ugv_client/build/lib/ugv_client/__init__.py -> /home/softdcar/3760FA/UGV/UGVController/install/ugv_client/lib/python3.10/site-packages/ugv_client
[1.228s] byte-compiling /home/softdcar/3760FA/UGV/UGVController/install/ugv_client/lib/python3.10/site-packages/ugv_client/client.py to client.cpython-310.pyc
[1.229s] byte-compiling /home/softdcar/3760FA/UGV/UGVController/install/ugv_client/lib/python3.10/site-packages/ugv_client/__init__.py to __init__.cpython-310.pyc
[1.229s] running install_data
[1.229s] copying resource/ugv_client -> /home/softdcar/3760FA/UGV/UGVController/install/ugv_client/share/ament_index/resource_index/packages
[1.229s] copying package.xml -> /home/softdcar/3760FA/UGV/UGVController/install/ugv_client/share/ugv_client
[1.229s] running install_egg_info
[1.231s] Copying ../../build/ugv_client/ugv_client.egg-info to /home/softdcar/3760FA/UGV/UGVController/install/ugv_client/lib/python3.10/site-packages/ugv_client-0.0.1-py3.10.egg-info
[1.232s] running install_scripts
[1.256s] Installing ugv_client script to /home/softdcar/3760FA/UGV/UGVController/install/ugv_client/lib/ugv_client
[1.257s] writing list of installed files to '/home/softdcar/3760FA/UGV/UGVController/build/ugv_client/install.log'
[1.292s] Invoked command in '/home/softdcar/3760FA/UGV/UGVController/src/ugv_client' returned '0': PYTHONPATH=/home/softdcar/3760FA/UGV/UGVController/build/ugv_client/prefix_override:/usr/lib/python3/dist-packages/colcon_core/task/python/colcon_distutils_commands:/home/softdcar/3760FA/UGV/UGVController/install/ugv_client/lib/python3.10/site-packages:${PYTHONPATH} /usr/bin/python3 -W ignore:setup.py install is deprecated -W ignore:easy_install command is deprecated setup.py egg_info --egg-base ../../build/ugv_client build --build-base /home/softdcar/3760FA/UGV/UGVController/build/ugv_client/build install --record /home/softdcar/3760FA/UGV/UGVController/build/ugv_client/install.log --single-version-externally-managed install_data --force
