[0.795s] Invoking command in '/home/softdcar/3760FA/UGV/UGVController/src/ugv_client': PYTHONPATH=/home/softdcar/3760FA/UGV/UGVController/build/ugv_client/prefix_override:/usr/lib/python3/dist-packages/colcon_core/task/python/colcon_distutils_commands:/home/softdcar/3760FA/UGV/UGVController/install/ugv_client/lib/python3.10/site-packages:${PYTHONPATH} /usr/bin/python3 -W ignore:setup.py install is deprecated -W ignore:easy_install command is deprecated setup.py egg_info --egg-base ../../build/ugv_client build --build-base /home/softdcar/3760FA/UGV/UGVController/build/ugv_client/build install --record /home/softdcar/3760FA/UGV/UGVController/build/ugv_client/install.log --single-version-externally-managed install_data
[1.001s] running egg_info
[1.001s] writing ../../build/ugv_client/ugv_client.egg-info/PKG-INFO
[1.001s] writing dependency_links to ../../build/ugv_client/ugv_client.egg-info/dependency_links.txt
[1.001s] writing entry points to ../../build/ugv_client/ugv_client.egg-info/entry_points.txt
[1.001s] writing requirements to ../../build/ugv_client/ugv_client.egg-info/requires.txt
[1.001s] writing top-level names to ../../build/ugv_client/ugv_client.egg-info/top_level.txt
[1.002s] reading manifest file '../../build/ugv_client/ugv_client.egg-info/SOURCES.txt'
[1.003s] writing manifest file '../../build/ugv_client/ugv_client.egg-info/SOURCES.txt'
[1.003s] running build
[1.003s] running build_py
[1.004s] copying ugv_client/client.py -> /home/softdcar/3760FA/UGV/UGVController/build/ugv_client/build/lib/ugv_client
[1.004s] running install
[1.004s] running install_lib
[1.004s] copying /home/softdcar/3760FA/UGV/UGVController/build/ugv_client/build/lib/ugv_client/client.py -> /home/softdcar/3760FA/UGV/UGVController/install/ugv_client/lib/python3.10/site-packages/ugv_client
[1.005s] byte-compiling /home/softdcar/3760FA/UGV/UGVController/install/ugv_client/lib/python3.10/site-packages/ugv_client/client.py to client.cpython-310.pyc
[1.006s] running install_data
[1.006s] running install_egg_info
[1.007s] removing '/home/softdcar/3760FA/UGV/UGVController/install/ugv_client/lib/python3.10/site-packages/ugv_client-0.0.1-py3.10.egg-info' (and everything under it)
[1.008s] Copying ../../build/ugv_client/ugv_client.egg-info to /home/softdcar/3760FA/UGV/UGVController/install/ugv_client/lib/python3.10/site-packages/ugv_client-0.0.1-py3.10.egg-info
[1.008s] running install_scripts
[1.025s] Installing ugv_client script to /home/softdcar/3760FA/UGV/UGVController/install/ugv_client/lib/ugv_client
[1.025s] writing list of installed files to '/home/softdcar/3760FA/UGV/UGVController/build/ugv_client/install.log'
[1.091s] Invoked command in '/home/softdcar/3760FA/UGV/UGVController/src/ugv_client' returned '0': PYTHONPATH=/home/softdcar/3760FA/UGV/UGVController/build/ugv_client/prefix_override:/usr/lib/python3/dist-packages/colcon_core/task/python/colcon_distutils_commands:/home/softdcar/3760FA/UGV/UGVController/install/ugv_client/lib/python3.10/site-packages:${PYTHONPATH} /usr/bin/python3 -W ignore:setup.py install is deprecated -W ignore:easy_install command is deprecated setup.py egg_info --egg-base ../../build/ugv_client build --build-base /home/softdcar/3760FA/UGV/UGVController/build/ugv_client/build install --record /home/softdcar/3760FA/UGV/UGVController/build/ugv_client/install.log --single-version-externally-managed install_data
