[0.081s] DEBUG:colcon:Command line arguments: ['/usr/bin/colcon', 'build', '--symlink-install']
[0.081s] DEBUG:colcon:Parsed command line arguments: Namespace(log_base=None, log_level=None, verb_name='build', build_base='build', install_base='install', merge_install=False, symlink_install=True, test_result_base=None, continue_on_error=False, executor='parallel', parallel_workers=16, event_handlers=None, ignore_user_meta=False, metas=['./colcon.meta'], base_paths=['.'], packages_ignore=None, packages_ignore_regex=None, paths=None, packages_up_to=None, packages_up_to_regex=None, packages_above=None, packages_above_and_dependencies=None, packages_above_depth=None, packages_select_by_dep=None, packages_skip_by_dep=None, packages_skip_up_to=None, packages_select_build_failed=False, packages_skip_build_finished=False, packages_select_test_failures=False, packages_skip_test_passed=False, packages_select=None, packages_skip=None, packages_select_regex=None, packages_skip_regex=None, packages_start=None, packages_end=None, allow_overriding=[], cmake_args=None, cmake_target=None, cmake_target_skip_unavailable=False, cmake_clean_cache=False, cmake_clean_first=False, cmake_force_configure=False, ament_cmake_args=None, catkin_cmake_args=None, catkin_skip_building_tests=False, mixin_files=None, mixin=None, verb_parser=<colcon_mixin.mixin.mixin_argument.MixinArgumentDecorator object at 0x765824651db0>, verb_extension=<colcon_core.verb.build.BuildVerb object at 0x76582475ed70>, main=<bound method BuildVerb.main of <colcon_core.verb.build.BuildVerb object at 0x76582475ed70>>, mixin_verb=('build',))
[0.213s] Level 1:colcon.colcon_core.package_discovery:discover_packages(colcon_meta) check parameters
[0.213s] Level 1:colcon.colcon_core.package_discovery:discover_packages(recursive) check parameters
[0.213s] Level 1:colcon.colcon_core.package_discovery:discover_packages(ignore) check parameters
[0.213s] Level 1:colcon.colcon_core.package_discovery:discover_packages(path) check parameters
[0.213s] Level 1:colcon.colcon_core.package_discovery:discover_packages(colcon_meta) discover
[0.213s] Level 1:colcon.colcon_core.package_discovery:discover_packages(recursive) discover
[0.213s] INFO:colcon.colcon_core.package_discovery:Crawling recursively for packages in '/home/softdcar/3760FA/UGV/UGVController'
[0.213s] Level 1:colcon.colcon_core.package_identification:_identify(.) by extensions ['ignore', 'ignore_ament_install']
[0.213s] Level 1:colcon.colcon_core.package_identification:_identify(.) by extension 'ignore'
[0.213s] Level 1:colcon.colcon_core.package_identification:_identify(.) by extension 'ignore_ament_install'
[0.213s] Level 1:colcon.colcon_core.package_identification:_identify(.) by extensions ['colcon_pkg']
[0.214s] Level 1:colcon.colcon_core.package_identification:_identify(.) by extension 'colcon_pkg'
[0.214s] Level 1:colcon.colcon_core.package_identification:_identify(.) by extensions ['colcon_meta']
[0.214s] Level 1:colcon.colcon_core.package_identification:_identify(.) by extension 'colcon_meta'
[0.214s] Level 1:colcon.colcon_core.package_identification:_identify(.) by extensions ['ros']
[0.214s] Level 1:colcon.colcon_core.package_identification:_identify(.) by extension 'ros'
[0.223s] Level 1:colcon.colcon_core.package_identification:_identify(.) by extensions ['cmake', 'python']
[0.223s] Level 1:colcon.colcon_core.package_identification:_identify(.) by extension 'cmake'
[0.223s] Level 1:colcon.colcon_core.package_identification:_identify(.) by extension 'python'
[0.223s] Level 1:colcon.colcon_core.package_identification:_identify(.) by extensions ['python_setup_py']
[0.223s] Level 1:colcon.colcon_core.package_identification:_identify(.) by extension 'python_setup_py'
[0.223s] Level 1:colcon.colcon_core.package_identification:_identify(build) by extensions ['ignore', 'ignore_ament_install']
[0.223s] Level 1:colcon.colcon_core.package_identification:_identify(build) by extension 'ignore'
[0.223s] Level 1:colcon.colcon_core.package_identification:_identify(build) ignored
[0.223s] Level 1:colcon.colcon_core.package_identification:_identify(install) by extensions ['ignore', 'ignore_ament_install']
[0.223s] Level 1:colcon.colcon_core.package_identification:_identify(install) by extension 'ignore'
[0.223s] Level 1:colcon.colcon_core.package_identification:_identify(install) ignored
[0.223s] Level 1:colcon.colcon_core.package_identification:_identify(log) by extensions ['ignore', 'ignore_ament_install']
[0.224s] Level 1:colcon.colcon_core.package_identification:_identify(log) by extension 'ignore'
[0.224s] Level 1:colcon.colcon_core.package_identification:_identify(log) ignored
[0.224s] Level 1:colcon.colcon_core.package_identification:_identify(src) by extensions ['ignore', 'ignore_ament_install']
[0.224s] Level 1:colcon.colcon_core.package_identification:_identify(src) by extension 'ignore'
[0.224s] Level 1:colcon.colcon_core.package_identification:_identify(src) by extension 'ignore_ament_install'
[0.224s] Level 1:colcon.colcon_core.package_identification:_identify(src) by extensions ['colcon_pkg']
[0.224s] Level 1:colcon.colcon_core.package_identification:_identify(src) by extension 'colcon_pkg'
[0.224s] Level 1:colcon.colcon_core.package_identification:_identify(src) by extensions ['colcon_meta']
[0.224s] Level 1:colcon.colcon_core.package_identification:_identify(src) by extension 'colcon_meta'
[0.224s] Level 1:colcon.colcon_core.package_identification:_identify(src) by extensions ['ros']
[0.224s] Level 1:colcon.colcon_core.package_identification:_identify(src) by extension 'ros'
[0.224s] Level 1:colcon.colcon_core.package_identification:_identify(src) by extensions ['cmake', 'python']
[0.224s] Level 1:colcon.colcon_core.package_identification:_identify(src) by extension 'cmake'
[0.224s] Level 1:colcon.colcon_core.package_identification:_identify(src) by extension 'python'
[0.224s] Level 1:colcon.colcon_core.package_identification:_identify(src) by extensions ['python_setup_py']
[0.224s] Level 1:colcon.colcon_core.package_identification:_identify(src) by extension 'python_setup_py'
[0.224s] Level 1:colcon.colcon_core.package_identification:_identify(src/ugv_client) by extensions ['ignore', 'ignore_ament_install']
[0.224s] Level 1:colcon.colcon_core.package_identification:_identify(src/ugv_client) by extension 'ignore'
[0.224s] Level 1:colcon.colcon_core.package_identification:_identify(src/ugv_client) by extension 'ignore_ament_install'
[0.224s] Level 1:colcon.colcon_core.package_identification:_identify(src/ugv_client) by extensions ['colcon_pkg']
[0.224s] Level 1:colcon.colcon_core.package_identification:_identify(src/ugv_client) by extension 'colcon_pkg'
[0.224s] Level 1:colcon.colcon_core.package_identification:_identify(src/ugv_client) by extensions ['colcon_meta']
[0.224s] Level 1:colcon.colcon_core.package_identification:_identify(src/ugv_client) by extension 'colcon_meta'
[0.224s] Level 1:colcon.colcon_core.package_identification:_identify(src/ugv_client) by extensions ['ros']
[0.224s] Level 1:colcon.colcon_core.package_identification:_identify(src/ugv_client) by extension 'ros'
[0.226s] DEBUG:colcon.colcon_core.package_identification:Package 'src/ugv_client' with type 'ros.ament_python' and name 'ugv_client'
[0.226s] Level 1:colcon.colcon_core.package_discovery:discover_packages(recursive) using defaults
[0.226s] Level 1:colcon.colcon_core.package_discovery:discover_packages(ignore) discover
[0.226s] Level 1:colcon.colcon_core.package_discovery:discover_packages(ignore) using defaults
[0.226s] Level 1:colcon.colcon_core.package_discovery:discover_packages(path) discover
[0.226s] Level 1:colcon.colcon_core.package_discovery:discover_packages(path) using defaults
[0.259s] Level 1:colcon.colcon_core.package_discovery:discover_packages(prefix_path) check parameters
[0.259s] Level 1:colcon.colcon_core.package_discovery:discover_packages(prefix_path) discover
[0.260s] DEBUG:colcon.colcon_installed_package_information.package_discovery:Found 1 installed packages in /home/softdcar/3760FA/UGV/UGVController/install
[0.261s] DEBUG:colcon.colcon_installed_package_information.package_discovery:Found 1 installed packages in /home/softdcar/Desktop/ros2_ws/install
[0.262s] DEBUG:colcon.colcon_installed_package_information.package_discovery:Found 306 installed packages in /opt/ros/iron
[0.263s] Level 1:colcon.colcon_core.package_discovery:discover_packages(prefix_path) using defaults
[0.293s] Level 5:colcon.colcon_core.verb:set package 'ugv_client' build argument 'cmake_args' from command line to 'None'
[0.293s] Level 5:colcon.colcon_core.verb:set package 'ugv_client' build argument 'cmake_target' from command line to 'None'
[0.293s] Level 5:colcon.colcon_core.verb:set package 'ugv_client' build argument 'cmake_target_skip_unavailable' from command line to 'False'
[0.293s] Level 5:colcon.colcon_core.verb:set package 'ugv_client' build argument 'cmake_clean_cache' from command line to 'False'
[0.293s] Level 5:colcon.colcon_core.verb:set package 'ugv_client' build argument 'cmake_clean_first' from command line to 'False'
[0.293s] Level 5:colcon.colcon_core.verb:set package 'ugv_client' build argument 'cmake_force_configure' from command line to 'False'
[0.293s] Level 5:colcon.colcon_core.verb:set package 'ugv_client' build argument 'ament_cmake_args' from command line to 'None'
[0.293s] Level 5:colcon.colcon_core.verb:set package 'ugv_client' build argument 'catkin_cmake_args' from command line to 'None'
[0.293s] Level 5:colcon.colcon_core.verb:set package 'ugv_client' build argument 'catkin_skip_building_tests' from command line to 'False'
[0.293s] DEBUG:colcon.colcon_core.verb:Building package 'ugv_client' with the following arguments: {'ament_cmake_args': None, 'build_base': '/home/softdcar/3760FA/UGV/UGVController/build/ugv_client', 'catkin_cmake_args': None, 'catkin_skip_building_tests': False, 'cmake_args': None, 'cmake_clean_cache': False, 'cmake_clean_first': False, 'cmake_force_configure': False, 'cmake_target': None, 'cmake_target_skip_unavailable': False, 'install_base': '/home/softdcar/3760FA/UGV/UGVController/install/ugv_client', 'merge_install': False, 'path': '/home/softdcar/3760FA/UGV/UGVController/src/ugv_client', 'symlink_install': True, 'test_result_base': None}
[0.294s] INFO:colcon.colcon_core.executor:Executing jobs using 'parallel' executor
[0.295s] DEBUG:colcon.colcon_parallel_executor.executor.parallel:run_until_complete
[0.295s] INFO:colcon.colcon_ros.task.ament_python.build:Building ROS package in '/home/softdcar/3760FA/UGV/UGVController/src/ugv_client' with build type 'ament_python'
[0.295s] Level 1:colcon.colcon_core.shell:create_environment_hook('ugv_client', 'ament_prefix_path')
[0.297s] INFO:colcon.colcon_core.plugin_system:Skipping extension 'colcon_core.shell.bat': Not used on non-Windows systems
[0.297s] INFO:colcon.colcon_core.shell:Creating environment hook '/home/softdcar/3760FA/UGV/UGVController/install/ugv_client/share/ugv_client/hook/ament_prefix_path.ps1'
[0.297s] INFO:colcon.colcon_core.shell:Creating environment descriptor '/home/softdcar/3760FA/UGV/UGVController/install/ugv_client/share/ugv_client/hook/ament_prefix_path.dsv'
[0.298s] INFO:colcon.colcon_core.shell:Creating environment hook '/home/softdcar/3760FA/UGV/UGVController/install/ugv_client/share/ugv_client/hook/ament_prefix_path.sh'
[0.298s] INFO:colcon.colcon_core.shell:Skip shell extension 'powershell' for command environment: Not usable outside of PowerShell
[0.298s] DEBUG:colcon.colcon_core.shell:Skip shell extension 'dsv' for command environment
[0.543s] INFO:colcon.colcon_core.task.python.build:Building Python package in '/home/softdcar/3760FA/UGV/UGVController/src/ugv_client'
[0.544s] INFO:colcon.colcon_core.shell:Skip shell extension 'powershell' for command environment: Not usable outside of PowerShell
[0.544s] DEBUG:colcon.colcon_core.shell:Skip shell extension 'dsv' for command environment
[0.910s] DEBUG:colcon.colcon_core.task.python.build:While undoing a previous installation files outside the Python library path are being ignored: /home/softdcar/3760FA/UGV/UGVController/install/ugv_client/share/ament_index/resource_index/packages/ugv_client
[0.910s] DEBUG:colcon.colcon_core.task.python.build:While undoing a previous installation files outside the Python library path are being ignored: /home/softdcar/3760FA/UGV/UGVController/install/ugv_client/share/ugv_client/package.xml
[0.911s] DEBUG:colcon.colcon_core.task.python.build:While undoing a previous installation files outside the Python library path are being ignored: /home/softdcar/3760FA/UGV/UGVController/install/ugv_client/lib/ugv_client/ugv_client
[0.914s] DEBUG:colcon.colcon_core.event_handler.log_command:Invoking command in '/home/softdcar/3760FA/UGV/UGVController/build/ugv_client': PYTHONPATH=/home/softdcar/3760FA/UGV/UGVController/build/ugv_client/prefix_override:/usr/lib/python3/dist-packages/colcon_core/task/python/colcon_distutils_commands:/home/softdcar/3760FA/UGV/UGVController/install/ugv_client/lib/python3.10/site-packages:${PYTHONPATH} /usr/bin/python3 -W ignore:setup.py install is deprecated -W ignore:easy_install command is deprecated setup.py develop --editable --build-directory /home/softdcar/3760FA/UGV/UGVController/build/ugv_client/build --no-deps symlink_data --force
[1.288s] Level 1:colcon.colcon_core.shell:create_environment_hook('ugv_client', 'pythonpath_develop')
[1.288s] INFO:colcon.colcon_core.shell:Creating environment hook '/home/softdcar/3760FA/UGV/UGVController/build/ugv_client/share/ugv_client/hook/pythonpath_develop.ps1'
[1.289s] DEBUG:colcon.colcon_core.event_handler.log_command:Invoked command in '/home/softdcar/3760FA/UGV/UGVController/build/ugv_client' returned '0': PYTHONPATH=/home/softdcar/3760FA/UGV/UGVController/build/ugv_client/prefix_override:/usr/lib/python3/dist-packages/colcon_core/task/python/colcon_distutils_commands:/home/softdcar/3760FA/UGV/UGVController/install/ugv_client/lib/python3.10/site-packages:${PYTHONPATH} /usr/bin/python3 -W ignore:setup.py install is deprecated -W ignore:easy_install command is deprecated setup.py develop --editable --build-directory /home/softdcar/3760FA/UGV/UGVController/build/ugv_client/build --no-deps symlink_data --force
[1.289s] INFO:colcon.colcon_core.shell:Creating environment descriptor '/home/softdcar/3760FA/UGV/UGVController/build/ugv_client/share/ugv_client/hook/pythonpath_develop.dsv'
[1.289s] INFO:colcon.colcon_core.shell:Creating environment hook '/home/softdcar/3760FA/UGV/UGVController/build/ugv_client/share/ugv_client/hook/pythonpath_develop.sh'
[1.291s] Level 1:colcon.colcon_core.environment:checking '/home/softdcar/3760FA/UGV/UGVController/install/ugv_client' for CMake module files
[1.292s] Level 1:colcon.colcon_core.environment:checking '/home/softdcar/3760FA/UGV/UGVController/install/ugv_client' for CMake config files
[1.292s] Level 1:colcon.colcon_core.environment:checking '/home/softdcar/3760FA/UGV/UGVController/install/ugv_client/lib'
[1.292s] Level 1:colcon.colcon_core.environment:checking '/home/softdcar/3760FA/UGV/UGVController/install/ugv_client/bin'
[1.292s] Level 1:colcon.colcon_core.environment:checking '/home/softdcar/3760FA/UGV/UGVController/install/ugv_client/lib/pkgconfig/ugv_client.pc'
[1.293s] Level 1:colcon.colcon_core.environment:checking '/home/softdcar/3760FA/UGV/UGVController/install/ugv_client/lib/python3.10/site-packages'
[1.293s] Level 1:colcon.colcon_core.shell:create_environment_hook('ugv_client', 'pythonpath')
[1.293s] INFO:colcon.colcon_core.shell:Creating environment hook '/home/softdcar/3760FA/UGV/UGVController/install/ugv_client/share/ugv_client/hook/pythonpath.ps1'
[1.293s] INFO:colcon.colcon_core.shell:Creating environment descriptor '/home/softdcar/3760FA/UGV/UGVController/install/ugv_client/share/ugv_client/hook/pythonpath.dsv'
[1.293s] INFO:colcon.colcon_core.shell:Creating environment hook '/home/softdcar/3760FA/UGV/UGVController/install/ugv_client/share/ugv_client/hook/pythonpath.sh'
[1.294s] Level 1:colcon.colcon_core.environment:checking '/home/softdcar/3760FA/UGV/UGVController/install/ugv_client/bin'
[1.294s] Level 1:colcon.colcon_core.environment:create_environment_scripts_only(ugv_client)
[1.294s] INFO:colcon.colcon_core.shell:Creating package script '/home/softdcar/3760FA/UGV/UGVController/install/ugv_client/share/ugv_client/package.ps1'
[1.295s] INFO:colcon.colcon_core.shell:Creating package descriptor '/home/softdcar/3760FA/UGV/UGVController/install/ugv_client/share/ugv_client/package.dsv'
[1.295s] INFO:colcon.colcon_core.shell:Creating package script '/home/softdcar/3760FA/UGV/UGVController/install/ugv_client/share/ugv_client/package.sh'
[1.296s] INFO:colcon.colcon_core.shell:Creating package script '/home/softdcar/3760FA/UGV/UGVController/install/ugv_client/share/ugv_client/package.bash'
[1.296s] INFO:colcon.colcon_core.shell:Creating package script '/home/softdcar/3760FA/UGV/UGVController/install/ugv_client/share/ugv_client/package.zsh'
[1.297s] Level 1:colcon.colcon_core.environment:create_file_with_runtime_dependencies(/home/softdcar/3760FA/UGV/UGVController/install/ugv_client/share/colcon-core/packages/ugv_client)
[1.297s] DEBUG:colcon.colcon_parallel_executor.executor.parallel:closing loop
[1.297s] DEBUG:colcon.colcon_parallel_executor.executor.parallel:loop closed
[1.297s] DEBUG:colcon.colcon_parallel_executor.executor.parallel:run_until_complete finished with '0'
[1.297s] DEBUG:colcon.colcon_core.event_reactor:joining thread
[1.301s] INFO:colcon.colcon_core.plugin_system:Skipping extension 'colcon_notification.desktop_notification.terminal_notifier': Not used on non-Darwin systems
[1.301s] INFO:colcon.colcon_core.plugin_system:Skipping extension 'colcon_notification.desktop_notification.win32': Not used on non-Windows systems
[1.301s] INFO:colcon.colcon_notification.desktop_notification:Sending desktop notification using 'notify2'
[1.312s] DEBUG:colcon.colcon_core.event_reactor:joined thread
[1.312s] INFO:colcon.colcon_core.shell:Creating prefix script '/home/softdcar/3760FA/UGV/UGVController/install/local_setup.ps1'
[1.314s] INFO:colcon.colcon_core.shell:Creating prefix util module '/home/softdcar/3760FA/UGV/UGVController/install/_local_setup_util_ps1.py'
[1.315s] INFO:colcon.colcon_core.shell:Creating prefix chain script '/home/softdcar/3760FA/UGV/UGVController/install/setup.ps1'
[1.316s] INFO:colcon.colcon_core.shell:Creating prefix script '/home/softdcar/3760FA/UGV/UGVController/install/local_setup.sh'
[1.316s] INFO:colcon.colcon_core.shell:Creating prefix util module '/home/softdcar/3760FA/UGV/UGVController/install/_local_setup_util_sh.py'
[1.317s] INFO:colcon.colcon_core.shell:Creating prefix chain script '/home/softdcar/3760FA/UGV/UGVController/install/setup.sh'
[1.318s] INFO:colcon.colcon_core.shell:Creating prefix script '/home/softdcar/3760FA/UGV/UGVController/install/local_setup.bash'
[1.318s] INFO:colcon.colcon_core.shell:Creating prefix chain script '/home/softdcar/3760FA/UGV/UGVController/install/setup.bash'
[1.319s] INFO:colcon.colcon_core.shell:Creating prefix script '/home/softdcar/3760FA/UGV/UGVController/install/local_setup.zsh'
[1.320s] INFO:colcon.colcon_core.shell:Creating prefix chain script '/home/softdcar/3760FA/UGV/UGVController/install/setup.zsh'
