[0.606s] Invoking command in '/home/softdcar/3760FA/UGV/UGVController/src/ugv_client': PYTHONPATH=/home/softdcar/3760FA/UGV/UGVController/build/ugv_client/prefix_override:/usr/lib/python3/dist-packages/colcon_core/task/python/colcon_distutils_commands:/home/softdcar/3760FA/UGV/UGVController/install/ugv_client/lib/python3.10/site-packages:${PYTHONPATH} /usr/bin/python3 -W ignore:setup.py install is deprecated -W ignore:easy_install command is deprecated setup.py egg_info --egg-base ../../build/ugv_client build --build-base /home/softdcar/3760FA/UGV/UGVController/build/ugv_client/build install --record /home/softdcar/3760FA/UGV/UGVController/build/ugv_client/install.log --single-version-externally-managed install_data
[0.804s] running egg_info
[0.804s] writing ../../build/ugv_client/ugv_client.egg-info/PKG-INFO
[0.805s] writing dependency_links to ../../build/ugv_client/ugv_client.egg-info/dependency_links.txt
[0.805s] writing entry points to ../../build/ugv_client/ugv_client.egg-info/entry_points.txt
[0.805s] writing requirements to ../../build/ugv_client/ugv_client.egg-info/requires.txt
[0.805s] writing top-level names to ../../build/ugv_client/ugv_client.egg-info/top_level.txt
[0.807s] reading manifest file '../../build/ugv_client/ugv_client.egg-info/SOURCES.txt'
[0.807s] writing manifest file '../../build/ugv_client/ugv_client.egg-info/SOURCES.txt'
[0.807s] running build
[0.807s] running build_py
[0.807s] copying ugv_client/client.py -> /home/softdcar/3760FA/UGV/UGVController/build/ugv_client/build/lib/ugv_client
[0.808s] running install
[0.808s] running install_lib
[0.809s] copying /home/softdcar/3760FA/UGV/UGVController/build/ugv_client/build/lib/ugv_client/client.py -> /home/softdcar/3760FA/UGV/UGVController/install/ugv_client/lib/python3.10/site-packages/ugv_client
[0.809s] byte-compiling /home/softdcar/3760FA/UGV/UGVController/install/ugv_client/lib/python3.10/site-packages/ugv_client/client.py to client.cpython-310.pyc
[0.810s] running install_data
[0.810s] running install_egg_info
[0.811s] removing '/home/softdcar/3760FA/UGV/UGVController/install/ugv_client/lib/python3.10/site-packages/ugv_client-0.0.1-py3.10.egg-info' (and everything under it)
[0.811s] Copying ../../build/ugv_client/ugv_client.egg-info to /home/softdcar/3760FA/UGV/UGVController/install/ugv_client/lib/python3.10/site-packages/ugv_client-0.0.1-py3.10.egg-info
[0.812s] running install_scripts
[0.828s] Installing ugv_client script to /home/softdcar/3760FA/UGV/UGVController/install/ugv_client/lib/ugv_client
[0.828s] writing list of installed files to '/home/softdcar/3760FA/UGV/UGVController/build/ugv_client/install.log'
[0.911s] Invoked command in '/home/softdcar/3760FA/UGV/UGVController/src/ugv_client' returned '0': PYTHONPATH=/home/softdcar/3760FA/UGV/UGVController/build/ugv_client/prefix_override:/usr/lib/python3/dist-packages/colcon_core/task/python/colcon_distutils_commands:/home/softdcar/3760FA/UGV/UGVController/install/ugv_client/lib/python3.10/site-packages:${PYTHONPATH} /usr/bin/python3 -W ignore:setup.py install is deprecated -W ignore:easy_install command is deprecated setup.py egg_info --egg-base ../../build/ugv_client build --build-base /home/softdcar/3760FA/UGV/UGVController/build/ugv_client/build install --record /home/softdcar/3760FA/UGV/UGVController/build/ugv_client/install.log --single-version-externally-managed install_data
